Arguments: 
  /usr/local/Cellar/node/12.6.0/bin/node /usr/local/Cellar/yarn/1.17.3/libexec/bin/yarn.js install

PATH: 
  /usr/local/bin:/usr/bin:/bin:/usr/sbin:/sbin

Yarn version: 
  1.17.3

Node version: 
  12.6.0

Platform: 
  darwin x64

Trace: 
  SyntaxError: /Applications/MAMP/htdocs/Inhabitant/wp-content/themes/inhabitantTheme/package.json: Unexpected end of JSON input
      at JSON.parse (<anonymous>)
      at /usr/local/Cellar/yarn/1.17.3/libexec/lib/cli.js:1625:59
      at Generator.next (<anonymous>)
      at step (/usr/local/Cellar/yarn/1.17.3/libexec/lib/cli.js:304:30)
      at /usr/local/Cellar/yarn/1.17.3/libexec/lib/cli.js:315:13

npm manifest: 
  {
    "name": "Inhabitant",
    "version": "1.1.0",
    "description": "Wordpress setup.",
    "dependencies": {},
    "devDependencies": {
      "babel-core": "^6.26.0",
      "babel-preset-env": "^1.6.1",
      "browser-sync": "^2.26.5",
      "gulp": "^4.0.0",
      "gulp-autoprefixer": "^4.1.0",
      "gulp-babel": "^7.0.1",
      "gulp-cssnano": "^2.1.2",
      "gulp-eslint": "^4.0.2",
      "gulp-prettyerror": "^1.2.1",
      "gulp-rename": "^1.2.2",
      "gulp-sass": "^3.1.0",
      "gulp-sourcemaps": "^2.6.4",
      "gulp-terser": "^1.1.5"
    },
    "prettier": {
      "singleQuote": true
    },
    "scripts": {
      "test": "echo \"Error: no test specified\" && exit 1"
    }

yarn manifest: 
  No manifest

Lockfile: 
  No lockfile
